1. 038000311314, 100, 2018-05-17 11:12:59pm153
2. 038000311314, 100, 2018-05-17 11:16:00pm,  1
3. f, 100, 2018-05-17 11:16:05pm,  0
4. 038000311314, 100, 2018-05-17 11:19:41pm,  1
5. 038000311314, 100, 2018-05-17 11:21:56pm,  1
6. f, 100, 2018-05-17 11:23:02pm,  1
7. f, 100, 2018-05-17 11:23:27pm,  1
8. 038000311314, 100, 2018-05-17 11:24:40pm,  1
9. f, 100, 2018-05-17 11:24:56pm,  1
10. 038000311314, 100, 2018-05-17 11:26:43pm,  1
11. f, 100, 2018-05-17 11:26:45pm,  1
12. 038000311314, 1, 2018-05-17 11:27:31pm,  1
13. f, 1, 2018-05-17 11:27:42pm,  1
14. 038000311314, 1, 2018-05-17 11:28:37pm,  1
15. f, 1, 2018-05-17 11:28:46pm,  1
16. dfg, 100, 2018-05-17 11:29:08pm,  1
17. 038000311314, 1, 2018-05-17 11:32:15pm,  1153
18. f, 1, 2018-05-17 11:32:33pm,  1
19. f, 1, 2018-05-17 11:33:43pm,  1
20. 038000311314, 100, 2018-05-17 11:37:36pm,  1153
21. Error - Does not exist: f, 1, 2018-05-17 11:37:39pm,  0
22. Error - Does not exist: 038000311314038000311314, 1, 2018-05-17 11:38:14pm,  0
23. test, 100, 2018-05-18 07:42:14pm,  1154
24. POPTART SMORES, test, 100, 2018-05-18 07:55:27pm,  1154
25. OATMEAL CREAM PIE LARGE, none, 100, 2018-05-18 07:58:34pm,  1289
26. POPTART SMORES, test, 100, 2018-05-18 08:06:16pm,  1154
27. POPTART SMORES, test, 100, 2018-05-18 08:07:48pm,  1154
28. POPTART SMORES, test, 100, 2018-05-18 08:11:20pm,  1154
29. POPTART SMORES, test, 100, 2018-05-18 08:14:30pm,  1154
30. Error - Does not exist: 1, 100, 2018-05-18 08:14:33pm,  0
31. POPTART SMORES, test, 100, 2018-05-18 08:16:29pm,  154e
32. OATMEAL CREAM PIE LARGE, none, 100, 2018-05-18 08:16:32pm,  289e
33. OATMEAL CREAM PIE LARGE, none, 100, 2018-05-18 08:18:17pm,  2891
34. OATMEAL CREAM PIE LARGE, NONE, 100, 2018-05-18 08:18:37pm,  2891
35. POPTART SMORES, test, 1, 2018-05-18 08:31:54pm,  1541
36. POPTART SMORES, test, 1, 2018-05-18 08:31:56pm,  1541
37. Error - Does not exist: 8675309, 5, 2018-06-08 09:09:26pm,  
38. coffee, all day, 8675309, 5, 2018-06-08 09:11:22pm,  21
39. coffee, all day, 8675309, 3567, 2018-06-08 09:11:51pm,  21
40. coffee, all day, 8675309, 3573, 2018-06-08 09:12:11pm,  21
41. coffee, all day, 8675309, -7146, 2018-06-08 09:12:34pm,  21
